<?xml version="1.0" encoding="UTF-8"?>
<!-- Generated by org.testng.reporters.JUnitReportReporter -->
<testsuite hostname="Nil" failures="0" tests="1" name="testBase.OrangeLoginTest" time="17.282" errors="0" timestamp="2023-07-17T21:46:17 IST" skipped="0">
  <testcase classname="testBase.OrangeLoginTest" name="test_Login" time="17.282"/>
  <system-out/>
</testsuite> <!-- testBase.OrangeLoginTest -->
