<?xml version="1.0" encoding="UTF-8"?>
<!-- Generated by org.testng.reporters.JUnitReportReporter -->
<testsuite hostname="DESKTOP-R2CIOLU" failures="0" tests="1" name="testBase.Mobile" time="19.383" errors="0" timestamp="2023-07-17T12:36:33 IST" skipped="0">
  <testcase classname="testBase.Mobile" name="Test1" time="19.383"/>
  <system-out/>
</testsuite> <!-- testBase.Mobile -->
